<?xml version="1.0" encoding="UTF-8"?>
<!-- Generated by org.testng.reporters.JUnitReportReporter -->
<testsuite hostname="DESKTOP-0PLJKRS" failures="0" tests="3" name="Sample.Test1" time="66.093" errors="0" timestamp="2023-08-23T10:40:34 IST" skipped="0">
  <testcase classname="Sample.Test1" name="newtest" time="30.727"/>
  <system-out/>
  <testcase classname="Sample.Test1" name="newtest3" time="22.052"/>
  <system-out/>
  <testcase classname="Sample.Test1" name="newtest1" time="13.314"/>
  <system-out/>
</testsuite> <!-- Sample.Test1 -->
